<?xml version="1.0" encoding="UTF-8" standalone="no"?><testsuite errors="1" failures="0" name="Login - Inicion de sesión" skipped="0" tests="2" time="8.17" timestamp="2025-09-18 02:17:55"><testcase name="Login exitoso"/><testcase name="Login Incorrecto"><error message="Cannot invoke &quot;java.lang.Integer.intValue()&quot; because the return value of &quot;net.serenitybdd.screenplay.Actor.recall(String)&quot; is null" type="java.lang.AssertionError">Cannot invoke "java.lang.Integer.intValue()" because the return value of "net.serenitybdd.screenplay.Actor.recall(String)" is null</error><system-err>Cannot invoke "java.lang.Integer.intValue()" because the return value of "net.serenitybdd.screenplay.Actor.recall(String)" is null&#13;
com.demoblaze.stepdefinition.LoginStepDefinition.elUsuarioDeberiaVerElMensajeDeError(LoginStepDefinition.java:37)&#13;
✽.el usuario deberia ver el mensaje de error "User does not exist."(file:///C:/Users/pcc/Desktop/Reto/SofTestPrueba/src/test/resources/features/login.feature:21)&#13;
</system-err></testcase></testsuite>